This file contains any messages produced by compilers while
running configure, to aid debugging if configure makes a mistake.

It was created by Google C++ Mocking Framework configure 1.8.0, which was
generated by GNU Autoconf 2.71.  Invocation command line was

  $ ./configure --disable-option-checking --prefix=/usr/local --cache-file=/dev/null --srcdir=.

## --------- ##
## Platform. ##
## --------- ##

hostname = vcm-33209.vm.duke.edu
uname -m = x86_64
uname -r = 5.4.0-148-generic
uname -s = Linux
uname -v = #165-Ubuntu SMP Tue Apr 18 08:53:12 UTC 2023

/usr/bin/uname -p = x86_64
/bin/uname -X     = unknown

/bin/arch              = x86_64
/usr/bin/arch -k       = unknown
/usr/convex/getsysinfo = unknown
/usr/bin/hostinfo      = unknown
/bin/machine           = unknown
/usr/bin/oslevel       = unknown
/bin/universe          = unknown

PATH: /home/tl330/.vscode-server/bin/704ed70d4fd1c6bd6342c436f1ede30d1cff4710/bin/remote-cli/
PATH: /usr/local/sbin/
PATH: /usr/local/bin/
PATH: /usr/sbin/
PATH: /usr/bin/
PATH: /sbin/
PATH: /bin/
PATH: /usr/games/
PATH: /usr/local/games/
PATH: /snap/bin/


## ----------- ##
## Core tests. ##
## ----------- ##

configure:2751: looking for aux files: config.guess config.sub ltmain.sh compile missing install-sh
configure:2764:  trying ./build-aux/
configure:2793:   ./build-aux/config.guess found
configure:2793:   ./build-aux/config.sub found
configure:2793:   ./build-aux/ltmain.sh found
configure:2793:   ./build-aux/compile found
configure:2793:   ./build-aux/missing found
configure:2775:   ./build-aux/install-sh found
configure:2937: checking for a BSD-compatible install
configure:3010: result: /usr/bin/install -c
configure:3021: checking whether build environment is sane
configure:3076: result: yes
configure:3233: checking for a race-free mkdir -p
configure:3277: result: /usr/bin/mkdir -p
configure:3284: checking for gawk
configure:3319: result: no
configure:3284: checking for mawk
configure:3305: found /usr/bin/mawk
configure:3316: result: mawk
configure:3327: checking whether make sets $(MAKE)
configure:3350: result: yes
configure:3380: checking whether make supports nested variables
configure:3398: result: yes
configure:3598: checking for gcc
configure:3619: found /usr/bin/gcc
configure:3630: result: gcc
configure:3983: checking for C compiler version
configure:3992: gcc --version >&5
gcc (Ubuntu 9.4.0-1ubuntu1~20.04.1) 9.4.0
Copyright (C) 2019 Free Software Foundation, Inc.
This is free software; see the source for copying conditions.  There is NO
warranty; not even for MERCHANTABILITY or FITNESS FOR A PARTICULAR PURPOSE.

configure:4003: $? = 0
configure:3992: gcc -v >&5
Using built-in specs.
COLLECT_GCC=gcc
COLLECT_LTO_WRAPPER=/usr/lib/gcc/x86_64-linux-gnu/9/lto-wrapper
OFFLOAD_TARGET_NAMES=nvptx-none:hsa
OFFLOAD_TARGET_DEFAULT=1
Target: x86_64-linux-gnu
Configured with: ../src/configure -v --with-pkgversion='Ubuntu 9.4.0-1ubuntu1~20.04.1' --with-bugurl=file:///usr/share/doc/gcc-9/README.Bugs --enable-languages=c,ada,c++,go,brig,d,fortran,objc,obj-c++,gm2 --prefix=/usr --with-gcc-major-version-only --program-suffix=-9 --program-prefix=x86_64-linux-gnu- --enable-shared --enable-linker-build-id --libexecdir=/usr/lib --without-included-gettext --enable-threads=posix --libdir=/usr/lib --enable-nls --enable-clocale=gnu --enable-libstdcxx-debug --enable-libstdcxx-time=yes --with-default-libstdcxx-abi=new --enable-gnu-unique-object --disable-vtable-verify --enable-plugin --enable-default-pie --with-system-zlib --with-target-system-zlib=auto --enable-objc-gc=auto --enable-multiarch --disable-werror --with-arch-32=i686 --with-abi=m64 --with-multilib-list=m32,m64,mx32 --enable-multilib --with-tune=generic --enable-offload-targets=nvptx-none=/build/gcc-9-Av3uEd/gcc-9-9.4.0/debian/tmp-nvptx/usr,hsa --without-cuda-driver --enable-checking=release --build=x86_64-linux-gnu --host=x86_64-linux-gnu --target=x86_64-linux-gnu
Thread model: posix
gcc version 9.4.0 (Ubuntu 9.4.0-1ubuntu1~20.04.1) 
configure:4003: $? = 0
configure:3992: gcc -V >&5
gcc: error: unrecognized command line option '-V'
gcc: fatal error: no input files
compilation terminated.
configure:4003: $? = 1
configure:3992: gcc -qversion >&5
gcc: error: unrecognized command line option '-qversion'; did you mean '--version'?
gcc: fatal error: no input files
compilation terminated.
configure:4003: $? = 1
configure:3992: gcc -version >&5
gcc: error: unrecognized command line option '-version'
gcc: fatal error: no input files
compilation terminated.
configure:4003: $? = 1
configure:4023: checking whether the C compiler works
configure:4045: gcc    conftest.c  >&5
configure:4049: $? = 0
configure:4099: result: yes
configure:4102: checking for C compiler default output file name
configure:4104: result: a.out
configure:4110: checking for suffix of executables
configure:4117: gcc -o conftest    conftest.c  >&5
configure:4121: $? = 0
configure:4144: result: 
configure:4166: checking whether we are cross compiling
configure:4174: gcc -o conftest    conftest.c  >&5
configure:4178: $? = 0
configure:4185: ./conftest
configure:4189: $? = 0
configure:4177: result: no
configure:4182: checking for suffix of object files
configure:4205: gcc -c   conftest.c >&5
configure:4209: $? = 0
configure:4231: result: o
configure:4235: checking whether the compiler supports GNU C
configure:4255: gcc -c   conftest.c >&5
configure:4255: $? = 0
configure:4265: result: yes
configure:4276: checking whether gcc accepts -g
configure:4297: gcc -c -g  conftest.c >&5
configure:4297: $? = 0
configure:4341: result: yes
configure:4361: checking for gcc option to enable C11 features
configure:4376: gcc  -c   conftest.c >&5
configure:4376: $? = 0
configure:4394: result: none needed
configure:4510: checking whether gcc understands -c and -o together
configure:4533: gcc -c conftest.c -o conftest2.o
configure:4536: $? = 0
configure:4533: gcc -c conftest.c -o conftest2.o
configure:4536: $? = 0
configure:4548: result: yes
configure:4568: checking whether make supports the include directive
configure:4583: make -f confmf.GNU && cat confinc.out
this is the am__doit target
configure:4586: $? = 0
configure:4605: result: yes (GNU style)
configure:4631: checking dependency style of gcc
configure:4743: result: gcc3
configure:4827: checking for g++
configure:4848: found /usr/bin/g++
configure:4859: result: g++
configure:4886: checking for C++ compiler version
configure:4895: g++ --version >&5
g++ (Ubuntu 9.4.0-1ubuntu1~20.04.1) 9.4.0
Copyright (C) 2019 Free Software Foundation, Inc.
This is free software; see the source for copying conditions.  There is NO
warranty; not even for MERCHANTABILITY or FITNESS FOR A PARTICULAR PURPOSE.

configure:4906: $? = 0
configure:4895: g++ -v >&5
Using built-in specs.
COLLECT_GCC=g++
COLLECT_LTO_WRAPPER=/usr/lib/gcc/x86_64-linux-gnu/9/lto-wrapper
OFFLOAD_TARGET_NAMES=nvptx-none:hsa
OFFLOAD_TARGET_DEFAULT=1
Target: x86_64-linux-gnu
Configured with: ../src/configure -v --with-pkgversion='Ubuntu 9.4.0-1ubuntu1~20.04.1' --with-bugurl=file:///usr/share/doc/gcc-9/README.Bugs --enable-languages=c,ada,c++,go,brig,d,fortran,objc,obj-c++,gm2 --prefix=/usr --with-gcc-major-version-only --program-suffix=-9 --program-prefix=x86_64-linux-gnu- --enable-shared --enable-linker-build-id --libexecdir=/usr/lib --without-included-gettext --enable-threads=posix --libdir=/usr/lib --enable-nls --enable-clocale=gnu --enable-libstdcxx-debug --enable-libstdcxx-time=yes --with-default-libstdcxx-abi=new --enable-gnu-unique-object --disable-vtable-verify --enable-plugin --enable-default-pie --with-system-zlib --with-target-system-zlib=auto --enable-objc-gc=auto --enable-multiarch --disable-werror --with-arch-32=i686 --with-abi=m64 --with-multilib-list=m32,m64,mx32 --enable-multilib --with-tune=generic --enable-offload-targets=nvptx-none=/build/gcc-9-Av3uEd/gcc-9-9.4.0/debian/tmp-nvptx/usr,hsa --without-cuda-driver --enable-checking=release --build=x86_64-linux-gnu --host=x86_64-linux-gnu --target=x86_64-linux-gnu
Thread model: posix
gcc version 9.4.0 (Ubuntu 9.4.0-1ubuntu1~20.04.1) 
configure:4906: $? = 0
configure:4895: g++ -V >&5
g++: error: unrecognized command line option '-V'
g++: fatal error: no input files
compilation terminated.
configure:4906: $? = 1
configure:4895: g++ -qversion >&5
g++: error: unrecognized command line option '-qversion'; did you mean '--version'?
g++: fatal error: no input files
compilation terminated.
configure:4906: $? = 1
configure:4910: checking whether the compiler supports GNU C++
configure:4930: g++ -c  -g -std=c++11 -DNDEBUG  conftest.cpp >&5
configure:4930: $? = 0
configure:4940: result: yes
configure:4951: checking whether g++ accepts -g
configure:4972: g++ -c -g  conftest.cpp >&5
configure:4972: $? = 0
configure:5016: result: yes
configure:5036: checking for g++ option to enable C++11 features
configure:5051: g++  -c  -g -std=c++11 -DNDEBUG  conftest.cpp >&5
configure:5051: $? = 0
configure:5069: result: none needed
configure:5135: checking dependency style of g++
configure:5247: result: gcc3
configure:5300: checking build system type
configure:5315: result: x86_64-pc-linux-gnu
configure:5335: checking host system type
configure:5349: result: x86_64-pc-linux-gnu
configure:5390: checking how to print strings
configure:5417: result: printf
configure:5438: checking for a sed that does not truncate output
configure:5508: result: /usr/bin/sed
configure:5526: checking for grep that handles long lines and -e
configure:5590: result: /usr/bin/grep
configure:5595: checking for egrep
configure:5663: result: /usr/bin/grep -E
configure:5668: checking for fgrep
configure:5736: result: /usr/bin/grep -F
configure:5772: checking for ld used by gcc
configure:5840: result: /usr/bin/ld
configure:5847: checking if the linker (/usr/bin/ld) is GNU ld
configure:5863: result: yes
configure:5875: checking for BSD- or MS-compatible name lister (nm)
configure:5930: result: /usr/bin/nm -B
configure:6070: checking the name lister (/usr/bin/nm -B) interface
configure:6078: g++ -c  -g -std=c++11 -DNDEBUG  conftest.cpp >&5
configure:6081: /usr/bin/nm -B "conftest.o"
configure:6084: output
0000000000000000 B some_variable
configure:6085: result: BSD nm
configure:6088: checking whether ln -s works
configure:6092: result: yes
configure:6100: checking the maximum length of command line arguments
configure:6232: result: 1572864
configure:6280: checking how to convert x86_64-pc-linux-gnu file names to x86_64-pc-linux-gnu format
configure:6321: result: func_convert_file_noop
configure:6328: checking how to convert x86_64-pc-linux-gnu file names to toolchain format
configure:6349: result: func_convert_file_noop
configure:6356: checking for /usr/bin/ld option to reload object files
configure:6364: result: -r
configure:6443: checking for objdump
configure:6464: found /usr/bin/objdump
configure:6475: result: objdump
configure:6507: checking how to recognize dependent libraries
configure:6708: result: pass_all
configure:6798: checking for dlltool
configure:6833: result: no
configure:6863: checking how to associate runtime and link libraries
configure:6891: result: printf %s\n
configure:6957: checking for ar
configure:6978: found /usr/bin/ar
configure:6989: result: ar
configure:7026: checking for archiver @FILE support
configure:7044: g++ -c  -g -std=c++11 -DNDEBUG  conftest.cpp >&5
configure:7044: $? = 0
configure:7048: ar cr libconftest.a @conftest.lst >&5
configure:7051: $? = 0
configure:7056: ar cr libconftest.a @conftest.lst >&5
ar: conftest.o: No such file or directory
configure:7059: $? = 1
configure:7058: result: @
configure:7121: checking for strip
configure:7142: found /usr/bin/strip
configure:7153: result: strip
configure:7230: checking for ranlib
configure:7251: found /usr/bin/ranlib
configure:7262: result: ranlib
configure:7364: checking command to parse /usr/bin/nm -B output from gcc object
configure:7518: g++ -c  -g -std=c++11 -DNDEBUG  conftest.cpp >&5
configure:7521: $? = 0
configure:7525: /usr/bin/nm -B conftest.o | sed -n -e 's/^.*[	 ]\([ABCDGIRSTW][ABCDGIRSTW]*\)[	 ][	 ]*\([_A-Za-z][_A-Za-z0-9]*\)$/\1 \2 \2/p' | sed '/ __gnu_lto/d' > conftest.nm
configure:7591: g++ -o conftest  -g -std=c++11 -DNDEBUG   conftest.cpp conftstm.o >&5
configure:7594: $? = 0
configure:7632: result: ok
configure:7679: checking for sysroot
configure:7710: result: no
configure:7717: checking for a working dd
configure:7761: result: /usr/bin/dd
configure:7765: checking how to truncate binary pipes
configure:7781: result: /usr/bin/dd bs=4096 count=1
configure:7919: g++ -c  -g -std=c++11 -DNDEBUG  conftest.cpp >&5
configure:7922: $? = 0
configure:8119: checking for mt
configure:8140: found /usr/bin/mt
configure:8151: result: mt
configure:8174: checking if mt is a manifest tool
configure:8181: mt '-?'
configure:8189: result: no
configure:8919: checking for stdio.h
configure:8919: g++ -c  -g -std=c++11 -DNDEBUG  conftest.cpp >&5
configure:8919: $? = 0
configure:8919: result: yes
configure:8919: checking for stdlib.h
configure:8919: g++ -c  -g -std=c++11 -DNDEBUG  conftest.cpp >&5
configure:8919: $? = 0
configure:8919: result: yes
configure:8919: checking for string.h
configure:8919: g++ -c  -g -std=c++11 -DNDEBUG  conftest.cpp >&5
configure:8919: $? = 0
configure:8919: result: yes
configure:8919: checking for inttypes.h
configure:8919: g++ -c  -g -std=c++11 -DNDEBUG  conftest.cpp >&5
configure:8919: $? = 0
configure:8919: result: yes
configure:8919: checking for stdint.h
configure:8919: g++ -c  -g -std=c++11 -DNDEBUG  conftest.cpp >&5
configure:8919: $? = 0
configure:8919: result: yes
configure:8919: checking for strings.h
configure:8919: g++ -c  -g -std=c++11 -DNDEBUG  conftest.cpp >&5
configure:8919: $? = 0
configure:8919: result: yes
configure:8919: checking for sys/stat.h
configure:8919: g++ -c  -g -std=c++11 -DNDEBUG  conftest.cpp >&5
configure:8919: $? = 0
configure:8919: result: yes
configure:8919: checking for sys/types.h
configure:8919: g++ -c  -g -std=c++11 -DNDEBUG  conftest.cpp >&5
configure:8919: $? = 0
configure:8919: result: yes
configure:8919: checking for unistd.h
configure:8919: g++ -c  -g -std=c++11 -DNDEBUG  conftest.cpp >&5
configure:8919: $? = 0
configure:8919: result: yes
configure:8944: checking for dlfcn.h
configure:8944: g++ -c  -g -std=c++11 -DNDEBUG  conftest.cpp >&5
configure:8944: $? = 0
configure:8944: result: yes
configure:9213: checking for objdir
configure:9229: result: .libs
configure:9489: checking if gcc supports -fno-rtti -fno-exceptions
configure:9508: gcc -c   -fno-rtti -fno-exceptions conftest.c >&5
cc1: warning: command line option '-fno-rtti' is valid for C++/D/ObjC++ but not for C
configure:9512: $? = 0
configure:9525: result: no
configure:9889: checking for gcc option to produce PIC
configure:9897: result: -fPIC -DPIC
configure:9905: checking if gcc PIC flag -fPIC -DPIC works
configure:9924: gcc -c   -fPIC -DPIC -DPIC conftest.c >&5
configure:9928: $? = 0
configure:9941: result: yes
configure:9970: checking if gcc static flag -static works
configure:9999: result: yes
configure:10014: checking if gcc supports -c -o file.o
configure:10036: gcc -c   -o out/conftest2.o conftest.c >&5
configure:10040: $? = 0
configure:10062: result: yes
configure:10070: checking if gcc supports -c -o file.o
configure:10118: result: yes
configure:10151: checking whether the gcc linker (/usr/bin/ld -m elf_x86_64) supports shared libraries
configure:11421: result: yes
configure:11458: checking whether -lc should be explicitly linked in
configure:11467: gcc -c   conftest.c >&5
configure:11470: $? = 0
configure:11485: gcc -shared  -fPIC -DPIC conftest.o  -v -Wl,-soname -Wl,conftest -o conftest 2\>\&1 \| /usr/bin/grep  -lc  \>/dev/null 2\>\&1
configure:11488: $? = 0
configure:11502: result: no
configure:11662: checking dynamic linker characteristics
configure:12244: gcc -o conftest    -Wl,-rpath -Wl,/foo conftest.c  >&5
configure:12244: $? = 0
configure:12495: result: GNU/Linux ld.so
configure:12617: checking how to hardcode library paths into programs
configure:12642: result: immediate
configure:13194: checking whether stripping libraries is possible
configure:13199: result: yes
configure:13234: checking if libtool supports shared libraries
configure:13236: result: yes
configure:13239: checking whether to build shared libraries
configure:13264: result: yes
configure:13267: checking whether to build static libraries
configure:13271: result: yes
configure:10054: checking how to run the C++ preprocessor
configure:10076: g++ -E  conftest.cpp
configure:10076: $? = 0
configure:10091: g++ -E  conftest.cpp
conftest.cpp:23:10: fatal error: ac_nonexistent.h: No such file or directory
   23 | #include <ac_nonexistent.h>
      |          ^~~~~~~~~~~~~~~~~~
compilation terminated.
configure:10091: $? = 1
configure: failed program was:
| /* confdefs.h */
| #define PACKAGE_NAME "Google C++ Mocking Framework"
| #define PACKAGE_TARNAME "gmock"
| #define PACKAGE_VERSION "1.8.0"
| #define PACKAGE_STRING "Google C++ Mocking Framework 1.8.0"
| #define PACKAGE_BUGREPORT "googlemock@googlegroups.com"
| #define PACKAGE_URL ""
| #define PACKAGE "gmock"
| #define VERSION "1.8.0"
| #define HAVE_STDIO_H 1
| #define HAVE_STDLIB_H 1
| #define HAVE_STRING_H 1
| #define HAVE_INTTYPES_H 1
| #define HAVE_STDINT_H 1
| #define HAVE_STRINGS_H 1
| #define HAVE_SYS_STAT_H 1
| #define HAVE_SYS_TYPES_H 1
| #define HAVE_UNISTD_H 1
| #define STDC_HEADERS 1
| #define HAVE_DLFCN_H 1
| #define LT_OBJDIR ".libs/"
| /* end confdefs.h.  */
| #include <ac_nonexistent.h>
configure:10118: result: g++ -E
configure:10132: g++ -E  conftest.cpp
configure:10132: $? = 0
configure:10147: g++ -E  conftest.cpp
conftest.cpp:23:10: fatal error: ac_nonexistent.h: No such file or directory
   23 | #include <ac_nonexistent.h>
      |          ^~~~~~~~~~~~~~~~~~
compilation terminated.
configure:10147: $? = 1
configure: failed program was:
| /* confdefs.h */
| #define PACKAGE_NAME "Google C++ Mocking Framework"
| #define PACKAGE_TARNAME "gmock"
| #define PACKAGE_VERSION "1.8.0"
| #define PACKAGE_STRING "Google C++ Mocking Framework 1.8.0"
| #define PACKAGE_BUGREPORT "googlemock@googlegroups.com"
| #define PACKAGE_URL ""
| #define PACKAGE "gmock"
| #define VERSION "1.8.0"
| #define HAVE_STDIO_H 1
| #define HAVE_STDLIB_H 1
| #define HAVE_STRING_H 1
| #define HAVE_INTTYPES_H 1
| #define HAVE_STDINT_H 1
| #define HAVE_STRINGS_H 1
| #define HAVE_SYS_STAT_H 1
| #define HAVE_SYS_TYPES_H 1
| #define HAVE_UNISTD_H 1
| #define STDC_HEADERS 1
| #define HAVE_DLFCN_H 1
| #define LT_OBJDIR ".libs/"
| /* end confdefs.h.  */
| #include <ac_nonexistent.h>
configure:10312: checking for ld used by g++
configure:10380: result: /usr/bin/ld -m elf_x86_64
configure:10387: checking if the linker (/usr/bin/ld -m elf_x86_64) is GNU ld
configure:10403: result: yes
configure:10458: checking whether the g++ linker (/usr/bin/ld -m elf_x86_64) supports shared libraries
configure:11535: result: yes
configure:11571: g++ -c  -g -std=c++11 -DNDEBUG  conftest.cpp >&5
configure:11574: $? = 0
configure:12055: checking for g++ option to produce PIC
configure:12063: result: -fPIC -DPIC
configure:12071: checking if g++ PIC flag -fPIC -DPIC works
configure:12090: g++ -c  -g -std=c++11 -DNDEBUG  -fPIC -DPIC -DPIC conftest.cpp >&5
configure:12094: $? = 0
configure:12107: result: yes
configure:12130: checking if g++ static flag -static works
configure:12159: result: yes
configure:12171: checking if g++ supports -c -o file.o
configure:12193: g++ -c  -g -std=c++11 -DNDEBUG  -o out/conftest2.o conftest.cpp >&5
configure:12197: $? = 0
configure:12219: result: yes
configure:12224: checking if g++ supports -c -o file.o
configure:12272: result: yes
configure:12302: checking whether the g++ linker (/usr/bin/ld -m elf_x86_64) supports shared libraries
configure:12345: result: yes
configure:12487: checking dynamic linker characteristics
configure:13247: result: GNU/Linux ld.so
configure:13312: checking how to hardcode library paths into programs
configure:13337: result: immediate
configure:12233: checking for python
configure:12256: found /usr/bin/python
configure:12269: result: /usr/bin/python
configure:12288: /usr/bin/python -c import sys # split strings by '.' and convert to numeric. Append some zeros # because we need at least 4 digits for the hex conversion. # map returns an iterator in Python 3.0 and a list in 2.x minver = list(map(int, '2.3'.split('.'))) + [0, 0, 0] minverhex = 0 # xrange is not present in Python 3.0 and range returns an iterator for i in list(range(0, 4)): minverhex = (minverhex << 8) + minver[i] sys.exit(sys.hexversion < minverhex)
configure:12291: $? = 0
configure:12492: checking for the pthreads library -lpthreads
configure:12525: gcc -o conftest     conftest.c -lpthreads  >&5
conftest.c: In function 'main':
conftest.c:28:22: warning: null argument where non-null required (argument 1) [-Wnonnull]
   28 |                      pthread_attr_init(0); pthread_cleanup_push(0, 0);
      |                      ^~~~~~~~~~~~~~~~~
conftest.c:29:22: warning: null argument where non-null required (argument 1) [-Wnonnull]
   29 |                      pthread_create(0,0,0,0); pthread_cleanup_pop(0);
      |                      ^~~~~~~~~~~~~~
conftest.c:29:22: warning: null argument where non-null required (argument 3) [-Wnonnull]
/usr/bin/ld: cannot find -lpthreads
collect2: error: ld returned 1 exit status
configure:12525: $? = 1
configure: failed program was:
| /* confdefs.h */
| #define PACKAGE_NAME "Google C++ Mocking Framework"
| #define PACKAGE_TARNAME "gmock"
| #define PACKAGE_VERSION "1.8.0"
| #define PACKAGE_STRING "Google C++ Mocking Framework 1.8.0"
| #define PACKAGE_BUGREPORT "googlemock@googlegroups.com"
| #define PACKAGE_URL ""
| #define PACKAGE "gmock"
| #define VERSION "1.8.0"
| #define HAVE_STDIO_H 1
| #define HAVE_STDLIB_H 1
| #define HAVE_STRING_H 1
| #define HAVE_INTTYPES_H 1
| #define HAVE_STDINT_H 1
| #define HAVE_STRINGS_H 1
| #define HAVE_SYS_STAT_H 1
| #define HAVE_SYS_TYPES_H 1
| #define HAVE_UNISTD_H 1
| #define STDC_HEADERS 1
| #define HAVE_DLFCN_H 1
| #define LT_OBJDIR ".libs/"
| /* end confdefs.h.  */
| #include <pthread.h>
| int
| main (void)
| {
| pthread_t th; pthread_join(th, 0);
|                      pthread_attr_init(0); pthread_cleanup_push(0, 0);
|                      pthread_create(0,0,0,0); pthread_cleanup_pop(0);
|   ;
|   return 0;
| }
configure:12535: result: no
configure:12432: checking whether pthreads work without any flags
configure:12525: gcc -o conftest     conftest.c   >&5
conftest.c: In function 'main':
conftest.c:28:22: warning: null argument where non-null required (argument 1) [-Wnonnull]
   28 |                      pthread_attr_init(0); pthread_cleanup_push(0, 0);
      |                      ^~~~~~~~~~~~~~~~~
conftest.c:29:22: warning: null argument where non-null required (argument 1) [-Wnonnull]
   29 |                      pthread_create(0,0,0,0); pthread_cleanup_pop(0);
      |                      ^~~~~~~~~~~~~~
conftest.c:29:22: warning: null argument where non-null required (argument 3) [-Wnonnull]
/usr/bin/ld: /tmp/cc78iiCM.o: in function `main':
conftest.c:(.text+0x2b): undefined reference to `pthread_join'
/usr/bin/ld: conftest.c:(.text+0x98): undefined reference to `__pthread_register_cancel'
/usr/bin/ld: conftest.c:(.text+0xb1): undefined reference to `pthread_create'
/usr/bin/ld: conftest.c:(.text+0xbd): undefined reference to `__pthread_unregister_cancel'
collect2: error: ld returned 1 exit status
configure:12525: $? = 1
configure: failed program was:
| /* confdefs.h */
| #define PACKAGE_NAME "Google C++ Mocking Framework"
| #define PACKAGE_TARNAME "gmock"
| #define PACKAGE_VERSION "1.8.0"
| #define PACKAGE_STRING "Google C++ Mocking Framework 1.8.0"
| #define PACKAGE_BUGREPORT "googlemock@googlegroups.com"
| #define PACKAGE_URL ""
| #define PACKAGE "gmock"
| #define VERSION "1.8.0"
| #define HAVE_STDIO_H 1
| #define HAVE_STDLIB_H 1
| #define HAVE_STRING_H 1
| #define HAVE_INTTYPES_H 1
| #define HAVE_STDINT_H 1
| #define HAVE_STRINGS_H 1
| #define HAVE_SYS_STAT_H 1
| #define HAVE_SYS_TYPES_H 1
| #define HAVE_UNISTD_H 1
| #define STDC_HEADERS 1
| #define HAVE_DLFCN_H 1
| #define LT_OBJDIR ".libs/"
| /* end confdefs.h.  */
| #include <pthread.h>
| int
| main (void)
| {
| pthread_t th; pthread_join(th, 0);
|                      pthread_attr_init(0); pthread_cleanup_push(0, 0);
|                      pthread_create(0,0,0,0); pthread_cleanup_pop(0);
|   ;
|   return 0;
| }
configure:12535: result: no
configure:12437: checking whether pthreads work with -Kthread
configure:12525: gcc -o conftest  -Kthread   conftest.c   >&5
gcc: error: unrecognized command line option '-Kthread'; did you mean '-pthread'?
configure:12525: $? = 1
configure: failed program was:
| /* confdefs.h */
| #define PACKAGE_NAME "Google C++ Mocking Framework"
| #define PACKAGE_TARNAME "gmock"
| #define PACKAGE_VERSION "1.8.0"
| #define PACKAGE_STRING "Google C++ Mocking Framework 1.8.0"
| #define PACKAGE_BUGREPORT "googlemock@googlegroups.com"
| #define PACKAGE_URL ""
| #define PACKAGE "gmock"
| #define VERSION "1.8.0"
| #define HAVE_STDIO_H 1
| #define HAVE_STDLIB_H 1
| #define HAVE_STRING_H 1
| #define HAVE_INTTYPES_H 1
| #define HAVE_STDINT_H 1
| #define HAVE_STRINGS_H 1
| #define HAVE_SYS_STAT_H 1
| #define HAVE_SYS_TYPES_H 1
| #define HAVE_UNISTD_H 1
| #define STDC_HEADERS 1
| #define HAVE_DLFCN_H 1
| #define LT_OBJDIR ".libs/"
| /* end confdefs.h.  */
| #include <pthread.h>
| int
| main (void)
| {
| pthread_t th; pthread_join(th, 0);
|                      pthread_attr_init(0); pthread_cleanup_push(0, 0);
|                      pthread_create(0,0,0,0); pthread_cleanup_pop(0);
|   ;
|   return 0;
| }
configure:12535: result: no
configure:12437: checking whether pthreads work with -kthread
configure:12525: gcc -o conftest  -kthread   conftest.c   >&5
gcc: error: unrecognized command line option '-kthread'; did you mean '-pthread'?
configure:12525: $? = 1
configure: failed program was:
| /* confdefs.h */
| #define PACKAGE_NAME "Google C++ Mocking Framework"
| #define PACKAGE_TARNAME "gmock"
| #define PACKAGE_VERSION "1.8.0"
| #define PACKAGE_STRING "Google C++ Mocking Framework 1.8.0"
| #define PACKAGE_BUGREPORT "googlemock@googlegroups.com"
| #define PACKAGE_URL ""
| #define PACKAGE "gmock"
| #define VERSION "1.8.0"
| #define HAVE_STDIO_H 1
| #define HAVE_STDLIB_H 1
| #define HAVE_STRING_H 1
| #define HAVE_INTTYPES_H 1
| #define HAVE_STDINT_H 1
| #define HAVE_STRINGS_H 1
| #define HAVE_SYS_STAT_H 1
| #define HAVE_SYS_TYPES_H 1
| #define HAVE_UNISTD_H 1
| #define STDC_HEADERS 1
| #define HAVE_DLFCN_H 1
| #define LT_OBJDIR ".libs/"
| /* end confdefs.h.  */
| #include <pthread.h>
| int
| main (void)
| {
| pthread_t th; pthread_join(th, 0);
|                      pthread_attr_init(0); pthread_cleanup_push(0, 0);
|                      pthread_create(0,0,0,0); pthread_cleanup_pop(0);
|   ;
|   return 0;
| }
configure:12535: result: no
configure:12492: checking for the pthreads library -llthread
configure:12525: gcc -o conftest     conftest.c -llthread  >&5
conftest.c: In function 'main':
conftest.c:28:22: warning: null argument where non-null required (argument 1) [-Wnonnull]
   28 |                      pthread_attr_init(0); pthread_cleanup_push(0, 0);
      |                      ^~~~~~~~~~~~~~~~~
conftest.c:29:22: warning: null argument where non-null required (argument 1) [-Wnonnull]
   29 |                      pthread_create(0,0,0,0); pthread_cleanup_pop(0);
      |                      ^~~~~~~~~~~~~~
conftest.c:29:22: warning: null argument where non-null required (argument 3) [-Wnonnull]
/usr/bin/ld: cannot find -llthread
collect2: error: ld returned 1 exit status
configure:12525: $? = 1
configure: failed program was:
| /* confdefs.h */
| #define PACKAGE_NAME "Google C++ Mocking Framework"
| #define PACKAGE_TARNAME "gmock"
| #define PACKAGE_VERSION "1.8.0"
| #define PACKAGE_STRING "Google C++ Mocking Framework 1.8.0"
| #define PACKAGE_BUGREPORT "googlemock@googlegroups.com"
| #define PACKAGE_URL ""
| #define PACKAGE "gmock"
| #define VERSION "1.8.0"
| #define HAVE_STDIO_H 1
| #define HAVE_STDLIB_H 1
| #define HAVE_STRING_H 1
| #define HAVE_INTTYPES_H 1
| #define HAVE_STDINT_H 1
| #define HAVE_STRINGS_H 1
| #define HAVE_SYS_STAT_H 1
| #define HAVE_SYS_TYPES_H 1
| #define HAVE_UNISTD_H 1
| #define STDC_HEADERS 1
| #define HAVE_DLFCN_H 1
| #define LT_OBJDIR ".libs/"
| /* end confdefs.h.  */
| #include <pthread.h>
| int
| main (void)
| {
| pthread_t th; pthread_join(th, 0);
|                      pthread_attr_init(0); pthread_cleanup_push(0, 0);
|                      pthread_create(0,0,0,0); pthread_cleanup_pop(0);
|   ;
|   return 0;
| }
configure:12535: result: no
configure:12437: checking whether pthreads work with -pthread
configure:12525: gcc -o conftest  -pthread   conftest.c   >&5
conftest.c: In function 'main':
conftest.c:28:22: warning: null argument where non-null required (argument 1) [-Wnonnull]
   28 |                      pthread_attr_init(0); pthread_cleanup_push(0, 0);
      |                      ^~~~~~~~~~~~~~~~~
conftest.c:29:22: warning: null argument where non-null required (argument 1) [-Wnonnull]
   29 |                      pthread_create(0,0,0,0); pthread_cleanup_pop(0);
      |                      ^~~~~~~~~~~~~~
conftest.c:29:22: warning: null argument where non-null required (argument 3) [-Wnonnull]
configure:12525: $? = 0
configure:12535: result: yes
configure:12554: checking for joinable pthread attribute
configure:12569: gcc -o conftest  -pthread   conftest.c   >&5
configure:12569: $? = 0
configure:12576: result: PTHREAD_CREATE_JOINABLE
configure:12584: checking if more special flags are required for pthreads
configure:12591: result: no
configure:12685: checking whether to check for GCC pthread/shared inconsistencies
configure:12698: gcc -o conftest -shared -fPIC -Wl,-z,defs  -pthread   conftest.c   >&5
configure:12698: $? = 0
configure:12711: result: yes
configure:12717: checking whether -pthread is sufficient with -shared
configure:12732: gcc -o conftest -shared -fPIC -Wl,-z,defs  -pthread   conftest.c   >&5
conftest.c: In function 'main':
conftest.c:28:8: warning: null argument where non-null required (argument 1) [-Wnonnull]
   28 |        pthread_attr_init(0); pthread_cleanup_push(0, 0);
      |        ^~~~~~~~~~~~~~~~~
conftest.c:29:8: warning: null argument where non-null required (argument 1) [-Wnonnull]
   29 |        pthread_create(0,0,0,0); pthread_cleanup_pop(0);
      |        ^~~~~~~~~~~~~~
conftest.c:29:8: warning: null argument where non-null required (argument 3) [-Wnonnull]
configure:12732: $? = 0
configure:12740: result: yes
configure:12946: checking for gtest-config
configure:12984: result: no
configure:13130: checking that generated files are newer than configure
configure:13136: result: done
configure:13171: creating ./config.status

## ---------------------- ##
## Running config.status. ##
## ---------------------- ##

This file was extended by Google C++ Mocking Framework config.status 1.8.0, which was
generated by GNU Autoconf 2.71.  Invocation command line was

  CONFIG_FILES    = 
  CONFIG_HEADERS  = 
  CONFIG_LINKS    = 
  CONFIG_COMMANDS = 
  $ ./config.status 

on vcm-33209.vm.duke.edu

config.status:1155: creating Makefile
config.status:1155: creating scripts/gmock-config
config.status:1155: creating build-aux/config.h
config.status:1384: executing depfiles commands
config.status:1462: cd .       && sed -e '/# am--include-marker/d' Makefile         | make -f - am--depfiles
config.status:1467: $? = 0
config.status:1384: executing libtool commands

## ---------------- ##
## Cache variables. ##
## ---------------- ##

ac_cv_build=x86_64-pc-linux-gnu
ac_cv_c_compiler_gnu=yes
ac_cv_cxx_compiler_gnu=yes
ac_cv_env_CCC_set=
ac_cv_env_CCC_value=
ac_cv_env_CC_set=
ac_cv_env_CC_value=
ac_cv_env_CFLAGS_set=set
ac_cv_env_CFLAGS_value=
ac_cv_env_CPPFLAGS_set=
ac_cv_env_CPPFLAGS_value=
ac_cv_env_CXXCPP_set=
ac_cv_env_CXXCPP_value=
ac_cv_env_CXXFLAGS_set=set
ac_cv_env_CXXFLAGS_value=' -g -std=c++11 -DNDEBUG'
ac_cv_env_CXX_set=
ac_cv_env_CXX_value=
ac_cv_env_GTEST_CONFIG_set=
ac_cv_env_GTEST_CONFIG_value=
ac_cv_env_GTEST_CPPFLAGS_set=
ac_cv_env_GTEST_CPPFLAGS_value=
ac_cv_env_GTEST_CXXFLAGS_set=
ac_cv_env_GTEST_CXXFLAGS_value=
ac_cv_env_GTEST_LDFLAGS_set=
ac_cv_env_GTEST_LDFLAGS_value=
ac_cv_env_GTEST_LIBS_set=
ac_cv_env_GTEST_LIBS_value=
ac_cv_env_GTEST_VERSION_set=
ac_cv_env_GTEST_VERSION_value=
ac_cv_env_LDFLAGS_set=
ac_cv_env_LDFLAGS_value=
ac_cv_env_LIBS_set=
ac_cv_env_LIBS_value=
ac_cv_env_LT_SYS_LIBRARY_PATH_set=
ac_cv_env_LT_SYS_LIBRARY_PATH_value=
ac_cv_env_build_alias_set=
ac_cv_env_build_alias_value=
ac_cv_env_host_alias_set=
ac_cv_env_host_alias_value=
ac_cv_env_target_alias_set=
ac_cv_env_target_alias_value=
ac_cv_header_dlfcn_h=yes
ac_cv_header_inttypes_h=yes
ac_cv_header_stdint_h=yes
ac_cv_header_stdio_h=yes
ac_cv_header_stdlib_h=yes
ac_cv_header_string_h=yes
ac_cv_header_strings_h=yes
ac_cv_header_sys_stat_h=yes
ac_cv_header_sys_types_h=yes
ac_cv_header_unistd_h=yes
ac_cv_host=x86_64-pc-linux-gnu
ac_cv_objext=o
ac_cv_path_EGREP='/usr/bin/grep -E'
ac_cv_path_FGREP='/usr/bin/grep -F'
ac_cv_path_GREP=/usr/bin/grep
ac_cv_path_PYTHON=/usr/bin/python
ac_cv_path_SED=/usr/bin/sed
ac_cv_path_install='/usr/bin/install -c'
ac_cv_path_lt_DD=/usr/bin/dd
ac_cv_path_mkdir=/usr/bin/mkdir
ac_cv_prog_AWK=mawk
ac_cv_prog_CXXCPP='g++ -E'
ac_cv_prog_ac_ct_AR=ar
ac_cv_prog_ac_ct_CC=gcc
ac_cv_prog_ac_ct_CXX=g++
ac_cv_prog_ac_ct_MANIFEST_TOOL=mt
ac_cv_prog_ac_ct_OBJDUMP=objdump
ac_cv_prog_ac_ct_RANLIB=ranlib
ac_cv_prog_ac_ct_STRIP=strip
ac_cv_prog_cc_c11=
ac_cv_prog_cc_g=yes
ac_cv_prog_cc_stdc=
ac_cv_prog_cxx_11=no
ac_cv_prog_cxx_cxx11=
ac_cv_prog_cxx_g=yes
ac_cv_prog_cxx_stdcxx=
ac_cv_prog_make_make_set=yes
am_cv_CC_dependencies_compiler_type=gcc3
am_cv_CXX_dependencies_compiler_type=gcc3
am_cv_make_support_nested_variables=yes
am_cv_prog_cc_c_o=yes
lt_cv_ar_at_file=@
lt_cv_archive_cmds_need_lc=no
lt_cv_deplibs_check_method=pass_all
lt_cv_file_magic_cmd='$MAGIC_CMD'
lt_cv_file_magic_test_file=
lt_cv_ld_reload_flag=-r
lt_cv_nm_interface='BSD nm'
lt_cv_objdir=.libs
lt_cv_path_LD=/usr/bin/ld
lt_cv_path_LDCXX='/usr/bin/ld -m elf_x86_64'
lt_cv_path_NM='/usr/bin/nm -B'
lt_cv_path_mainfest_tool=no
lt_cv_prog_compiler_c_o=yes
lt_cv_prog_compiler_c_o_CXX=yes
lt_cv_prog_compiler_pic='-fPIC -DPIC'
lt_cv_prog_compiler_pic_CXX='-fPIC -DPIC'
lt_cv_prog_compiler_pic_works=yes
lt_cv_prog_compiler_pic_works_CXX=yes
lt_cv_prog_compiler_rtti_exceptions=no
lt_cv_prog_compiler_static_works=yes
lt_cv_prog_compiler_static_works_CXX=yes
lt_cv_prog_gnu_ld=yes
lt_cv_prog_gnu_ldcxx=yes
lt_cv_sharedlib_from_linklib_cmd='printf %s\n'
lt_cv_shlibpath_overrides_runpath=yes
lt_cv_sys_global_symbol_pipe='sed -n -e '\''s/^.*[	 ]\([ABCDGIRSTW][ABCDGIRSTW]*\)[	 ][	 ]*\([_A-Za-z][_A-Za-z0-9]*\)$/\1 \2 \2/p'\'' | sed '\''/ __gnu_lto/d'\'''
lt_cv_sys_global_symbol_to_c_name_address='sed -n -e '\''s/^: \(.*\) .*$/  {"\1", (void *) 0},/p'\'' -e '\''s/^[ABCDGIRSTW][ABCDGIRSTW]* .* \(.*\)$/  {"\1", (void *) \&\1},/p'\'''
lt_cv_sys_global_symbol_to_c_name_address_lib_prefix='sed -n -e '\''s/^: \(.*\) .*$/  {"\1", (void *) 0},/p'\'' -e '\''s/^[ABCDGIRSTW][ABCDGIRSTW]* .* \(lib.*\)$/  {"\1", (void *) \&\1},/p'\'' -e '\''s/^[ABCDGIRSTW][ABCDGIRSTW]* .* \(.*\)$/  {"lib\1", (void *) \&\1},/p'\'''
lt_cv_sys_global_symbol_to_cdecl='sed -n -e '\''s/^T .* \(.*\)$/extern int \1();/p'\'' -e '\''s/^[ABCDGIRSTW][ABCDGIRSTW]* .* \(.*\)$/extern char \1;/p'\'''
lt_cv_sys_global_symbol_to_import=
lt_cv_sys_max_cmd_len=1572864
lt_cv_to_host_file_cmd=func_convert_file_noop
lt_cv_to_tool_file_cmd=func_convert_file_noop
lt_cv_truncate_bin='/usr/bin/dd bs=4096 count=1'

## ----------------- ##
## Output variables. ##
## ----------------- ##

ACLOCAL='${SHELL} '\''/home/tl330/final/miniUPS/installed/third_party/googletest/googlemock/build-aux/missing'\'' aclocal-1.16'
AMDEPBACKSLASH='\'
AMDEP_FALSE='#'
AMDEP_TRUE=''
AMTAR='$${TAR-tar}'
AM_BACKSLASH='\'
AM_DEFAULT_V='$(AM_DEFAULT_VERBOSITY)'
AM_DEFAULT_VERBOSITY='1'
AM_V='$(V)'
AR='ar'
AUTOCONF='${SHELL} '\''/home/tl330/final/miniUPS/installed/third_party/googletest/googlemock/build-aux/missing'\'' autoconf'
AUTOHEADER='${SHELL} '\''/home/tl330/final/miniUPS/installed/third_party/googletest/googlemock/build-aux/missing'\'' autoheader'
AUTOMAKE='${SHELL} '\''/home/tl330/final/miniUPS/installed/third_party/googletest/googlemock/build-aux/missing'\'' automake-1.16'
AWK='mawk'
CC='gcc'
CCDEPMODE='depmode=gcc3'
CFLAGS=''
CPPFLAGS=''
CSCOPE='cscope'
CTAGS='ctags'
CXX='g++'
CXXCPP='g++ -E'
CXXDEPMODE='depmode=gcc3'
CXXFLAGS=' -g -std=c++11 -DNDEBUG'
CYGPATH_W='echo'
DEFS='-DHAVE_CONFIG_H'
DEPDIR='.deps'
DLLTOOL='false'
DSYMUTIL=''
DUMPBIN=''
ECHO_C=''
ECHO_N='-n'
ECHO_T=''
EGREP='/usr/bin/grep -E'
ETAGS='etags'
EXEEXT=''
FGREP='/usr/bin/grep -F'
GREP='/usr/bin/grep'
GTEST_CONFIG='/home/tl330/final/miniUPS/installed/third_party/googletest/googlemock/../googletest/scripts/gtest-config'
GTEST_CPPFLAGS='-I$(top_srcdir)/../googletest/include'
GTEST_CXXFLAGS='-g'
GTEST_LDFLAGS=''
GTEST_LIBS='$(top_builddir)/../googletest/lib/libgtest.la'
GTEST_VERSION='1.8.0'
HAVE_PTHREADS_FALSE='#'
HAVE_PTHREADS_TRUE=''
HAVE_PYTHON_FALSE='#'
HAVE_PYTHON_TRUE=''
INSTALL_DATA='${INSTALL} -m 644'
INSTALL_PROGRAM='${INSTALL}'
INSTALL_SCRIPT='${INSTALL}'
INSTALL_STRIP_PROGRAM='$(install_sh) -c -s'
LD='/usr/bin/ld -m elf_x86_64'
LDFLAGS=''
LIBOBJS=''
LIBS=''
LIBTOOL='$(SHELL) $(top_builddir)/libtool'
LIPO=''
LN_S='ln -s'
LTLIBOBJS=''
LT_SYS_LIBRARY_PATH=''
MAKEINFO='${SHELL} '\''/home/tl330/final/miniUPS/installed/third_party/googletest/googlemock/build-aux/missing'\'' makeinfo'
MANIFEST_TOOL=':'
MKDIR_P='/usr/bin/mkdir -p'
NM='/usr/bin/nm -B'
NMEDIT=''
OBJDUMP='objdump'
OBJEXT='o'
OTOOL64=''
OTOOL=''
PACKAGE='gmock'
PACKAGE_BUGREPORT='googlemock@googlegroups.com'
PACKAGE_NAME='Google C++ Mocking Framework'
PACKAGE_STRING='Google C++ Mocking Framework 1.8.0'
PACKAGE_TARNAME='gmock'
PACKAGE_URL=''
PACKAGE_VERSION='1.8.0'
PATH_SEPARATOR=':'
PTHREAD_CC='gcc'
PTHREAD_CFLAGS='-pthread'
PTHREAD_LIBS=''
PYTHON='/usr/bin/python'
RANLIB='ranlib'
SED='/usr/bin/sed'
SET_MAKE=''
SHELL='/bin/bash'
STRIP='strip'
VERSION='1.8.0'
ac_ct_AR='ar'
ac_ct_CC='gcc'
ac_ct_CXX='g++'
ac_ct_DUMPBIN=''
acx_pthread_config=''
am__EXEEXT_FALSE=''
am__EXEEXT_TRUE='#'
am__fastdepCC_FALSE='#'
am__fastdepCC_TRUE=''
am__fastdepCXX_FALSE='#'
am__fastdepCXX_TRUE=''
am__include='include'
am__isrc=''
am__leading_dot='.'
am__nodep='_no'
am__quote=''
am__tar='$${TAR-tar} chof - "$$tardir"'
am__untar='$${TAR-tar} xf -'
bindir='${exec_prefix}/bin'
build='x86_64-pc-linux-gnu'
build_alias=''
build_cpu='x86_64'
build_os='linux-gnu'
build_vendor='pc'
datadir='${datarootdir}'
datarootdir='${prefix}/share'
docdir='${datarootdir}/doc/${PACKAGE_TARNAME}'
dvidir='${docdir}'
exec_prefix='${prefix}'
host='x86_64-pc-linux-gnu'
host_alias=''
host_cpu='x86_64'
host_os='linux-gnu'
host_vendor='pc'
htmldir='${docdir}'
includedir='${prefix}/include'
infodir='${datarootdir}/info'
install_sh='${SHELL} /home/tl330/final/miniUPS/installed/third_party/googletest/googlemock/build-aux/install-sh'
libdir='${exec_prefix}/lib'
libexecdir='${exec_prefix}/libexec'
localedir='${datarootdir}/locale'
localstatedir='${prefix}/var'
mandir='${datarootdir}/man'
mkdir_p='$(MKDIR_P)'
oldincludedir='/usr/include'
pdfdir='${docdir}'
prefix='/usr/local'
program_transform_name='s,x,x,'
psdir='${docdir}'
runstatedir='${localstatedir}/run'
sbindir='${exec_prefix}/sbin'
sharedstatedir='${prefix}/com'
sysconfdir='${prefix}/etc'
target_alias=''

## ----------- ##
## confdefs.h. ##
## ----------- ##

/* confdefs.h */
#define PACKAGE_NAME "Google C++ Mocking Framework"
#define PACKAGE_TARNAME "gmock"
#define PACKAGE_VERSION "1.8.0"
#define PACKAGE_STRING "Google C++ Mocking Framework 1.8.0"
#define PACKAGE_BUGREPORT "googlemock@googlegroups.com"
#define PACKAGE_URL ""
#define PACKAGE "gmock"
#define VERSION "1.8.0"
#define HAVE_STDIO_H 1
#define HAVE_STDLIB_H 1
#define HAVE_STRING_H 1
#define HAVE_INTTYPES_H 1
#define HAVE_STDINT_H 1
#define HAVE_STRINGS_H 1
#define HAVE_SYS_STAT_H 1
#define HAVE_SYS_TYPES_H 1
#define HAVE_UNISTD_H 1
#define STDC_HEADERS 1
#define HAVE_DLFCN_H 1
#define LT_OBJDIR ".libs/"
#define HAVE_PTHREAD 1

configure: exit 0
